\BOOKMARK [1][-]{section.1}{\376\377\254\025\307\130\000\040\254\034\306\224\000\040\000\050\000C\000o\000u\000r\000s\000e\000\040\000O\000v\000e\000r\000v\000i\000e\000w\000\051}{}% 1
\BOOKMARK [2][-]{subsection.1.1}{\376\377\254\025\307\130\000\040\272\251\324\134\000\040\000\050\000C\000o\000u\000r\000s\000e\000\040\000G\000o\000a\000l\000s\000\051}{section.1}% 2
\BOOKMARK [2][-]{subsection.1.2}{\376\377\254\025\300\254\311\304\000\040\000\050\000I\000n\000s\000t\000r\000u\000c\000t\000o\000r\000s\000\051}{section.1}% 3
\BOOKMARK [1][-]{section.2}{\376\377\263\160\307\164\321\060\000\040\254\374\325\131\307\130\000\040\305\355\300\254\306\100\000\040\274\034\310\004\000\040\000\050\000H\000i\000s\000t\000o\000r\000y\000\040\000a\000n\000d\000\040\000E\000v\000o\000l\000u\000t\000i\000o\000n\000\040\000o\000f\000\040\000D\000a\000t\000a\000\040\000S\000c\000i\000e\000n\000c\000e\000\051}{}% 4
\BOOKMARK [2][-]{subsection.2.1}{\376\377\254\374\325\131\310\001\000\040\274\051\274\225\270\140\307\130\000\040\274\300\326\124\000\040\000\050\000E\000v\000o\000l\000u\000t\000i\000o\000n\000\040\000o\000f\000\040\000S\000c\000i\000e\000n\000t\000i\000f\000i\000c\000\040\000M\000e\000t\000h\000o\000d\000s\000\051}{section.2}% 5
\BOOKMARK [2][-]{subsection.2.2}{\376\377\263\160\307\164\321\060\000\040\254\374\325\131\307\130\000\040\307\121\306\251\000\040\275\204\305\174\000\040\000\050\000A\000p\000p\000l\000i\000c\000a\000t\000i\000o\000n\000s\000\051}{section.2}% 6
\BOOKMARK [1][-]{section.3}{\376\377\263\160\307\164\321\060\000\040\254\374\325\131\000\040\325\004\270\134\301\070\302\244\000\040\000\050\000T\000h\000e\000\040\000D\000a\000t\000a\000\040\000S\000c\000i\000e\000n\000c\000e\000\040\000P\000r\000o\000c\000e\000s\000s\000\051}{}% 7
\BOOKMARK [2][-]{subsection.3.1}{\376\377\0001\262\350\254\304\000:\000\040\311\310\273\070\000\040\310\025\307\130\000\040\000\050\000A\000s\000k\000\040\000a\000n\000\040\000I\000n\000t\000e\000r\000e\000s\000t\000i\000n\000g\000\040\000Q\000u\000e\000s\000t\000i\000o\000n\000\051}{section.3}% 8
\BOOKMARK [2][-]{subsection.3.2}{\376\377\0002\262\350\254\304\000:\000\040\263\160\307\164\321\060\000\040\302\030\311\321\000\040\000\050\000G\000e\000t\000\040\000t\000h\000e\000\040\000D\000a\000t\000a\000\051}{section.3}% 9
\BOOKMARK [2][-]{subsection.3.3}{\376\377\0003\262\350\254\304\000:\000\040\263\160\307\164\321\060\000\040\320\320\300\311\000\040\000\050\000E\000x\000p\000l\000o\000r\000e\000\040\000t\000h\000e\000\040\000D\000a\000t\000a\000\051}{section.3}% 10
\BOOKMARK [2][-]{subsection.3.4}{\376\377\0004\262\350\254\304\000:\000\040\272\250\263\170\271\301\000\040\000\050\000M\000o\000d\000e\000l\000\040\000t\000h\000e\000\040\000D\000a\000t\000a\000\051}{section.3}% 11
\BOOKMARK [2][-]{subsection.3.5}{\376\377\0005\262\350\254\304\000:\000\040\254\260\254\374\000\040\310\004\262\354\000\040\000\050\000C\000o\000m\000m\000u\000n\000i\000c\000a\000t\000e\000\040\000a\000n\000d\000\040\000V\000i\000s\000u\000a\000l\000i\000z\000e\000\040\000R\000e\000s\000u\000l\000t\000s\000\051}{section.3}% 12
\BOOKMARK [1][-]{section.4}{\376\377\254\025\307\130\000\040\255\154\310\160\000\040\274\017\000\040\307\174\310\025\000\040\000\050\000C\000o\000u\000r\000s\000e\000\040\000S\000t\000r\000u\000c\000t\000u\000r\000e\000\040\000a\000n\000d\000\040\000S\000c\000h\000e\000d\000u\000l\000e\000\051}{}% 13
\BOOKMARK [2][-]{subsection.4.1}{\376\377\310\374\254\004\000\040\307\174\310\025\000\040\000\050\000W\000e\000e\000k\000l\000y\000\040\000S\000c\000h\000e\000d\000u\000l\000e\000\051}{section.4}% 14
\BOOKMARK [2][-]{subsection.4.2}{\376\377\254\025\307\130\000\040\326\025\302\335\000\040\000\050\000C\000o\000u\000r\000s\000e\000\040\000F\000o\000r\000m\000a\000t\000\051}{section.4}% 15
\BOOKMARK [1][-]{section.5}{\376\377\301\061\310\001\000\040\323\311\254\000\000\040\000\050\000G\000r\000a\000d\000i\000n\000g\000\051}{}% 16
\BOOKMARK [2][-]{subsection.5.1}{\376\377\323\311\254\000\000\040\255\154\301\061\000\040\000\050\000G\000r\000a\000d\000e\000\040\000C\000o\000m\000p\000o\000n\000e\000n\000t\000s\000\051}{section.5}% 17
\BOOKMARK [2][-]{subsection.5.2}{\376\377\302\031\310\034\000\040\310\025\314\105\000\040\000\050\000H\000o\000m\000e\000w\000o\000r\000k\000\040\000P\000o\000l\000i\000c\000y\000\051}{section.5}% 18
\BOOKMARK [2][-]{subsection.5.3}{\376\377\315\234\301\035\000\040\310\025\314\105\000\040\000\050\000A\000t\000t\000e\000n\000d\000a\000n\000c\000e\000\040\000P\000o\000l\000i\000c\000y\000\051}{section.5}% 19
\BOOKMARK [1][-]{section.6}{\376\377\325\004\270\134\310\035\322\270\000\040\000\050\000C\000o\000u\000r\000s\000e\000\040\000P\000r\000o\000j\000e\000c\000t\000\051}{}% 20
\BOOKMARK [2][-]{subsection.6.1}{\376\377\325\004\270\134\310\035\322\270\000\040\255\154\310\160}{section.6}% 21
\BOOKMARK [2][-]{subsection.6.2}{\376\377\323\311\254\000\000\040\256\060\311\000}{section.6}% 22
\BOOKMARK [1][-]{section.7}{\376\377\325\104\302\030\000\040\263\304\255\154\000\040\274\017\000\040\256\060\302\040\000\040\000\050\000R\000e\000q\000u\000i\000r\000e\000d\000\040\000T\000o\000o\000l\000s\000\040\000a\000n\000d\000\040\000S\000k\000i\000l\000l\000s\000\051}{}% 23
\BOOKMARK [2][-]{subsection.7.1}{\376\377\325\004\270\134\255\370\267\230\274\015\000\040\305\270\305\264}{section.7}% 24
\BOOKMARK [2][-]{subsection.7.2}{\376\377\254\034\274\034\000\040\326\130\254\275}{section.7}% 25
\BOOKMARK [2][-]{subsection.7.3}{\376\377\274\204\310\004\000\040\255\000\271\254}{section.7}% 26
\BOOKMARK [1][-]{section.8}{\376\377\263\160\307\164\321\060\000\040\320\300\307\205\000\040\274\017\000\040\302\334\254\001\326\124\000\040\256\060\315\010\000\040\000\050\000D\000a\000t\000a\000\040\000T\000y\000p\000e\000s\000\040\000a\000n\000d\000\040\000V\000i\000s\000u\000a\000l\000i\000z\000a\000t\000i\000o\000n\000\040\000B\000a\000s\000i\000c\000s\000\051}{}% 27
\BOOKMARK [2][-]{subsection.8.1}{\376\377\263\160\307\164\321\060\000\040\320\300\307\205\000\040\275\204\271\130}{section.8}% 28
\BOOKMARK [3][-]{subsubsection.8.1.1}{\376\377\305\221\310\001\000\040\263\160\307\164\321\060\000\040\000\050\000Q\000u\000a\000n\000t\000i\000t\000a\000t\000i\000v\000e\000\040\000D\000a\000t\000a\000\051}{subsection.8.1}% 29
\BOOKMARK [3][-]{subsubsection.8.1.2}{\376\377\311\310\310\001\000\040\263\160\307\164\321\060\000\040\000\050\000Q\000u\000a\000l\000i\000t\000a\000t\000i\000v\000e\000/\000C\000a\000t\000e\000g\000o\000r\000i\000c\000a\000l\000\040\000D\000a\000t\000a\000\051}{subsection.8.1}% 30
\BOOKMARK [2][-]{subsection.8.2}{\376\377\256\060\302\040\000\040\321\265\254\304\267\311\000\040\000\050\000D\000e\000s\000c\000r\000i\000p\000t\000i\000v\000e\000\040\000S\000t\000a\000t\000i\000s\000t\000i\000c\000s\000\051}{section.8}% 31
\BOOKMARK [3][-]{subsubsection.8.2.1}{\376\377\311\021\302\354\000\040\254\275\325\245\301\061\000\040\000\050\000M\000e\000a\000s\000u\000r\000e\000s\000\040\000o\000f\000\040\000C\000e\000n\000t\000r\000a\000l\000\040\000T\000e\000n\000d\000e\000n\000c\000y\000\051}{subsection.8.2}% 32
\BOOKMARK [3][-]{subsubsection.8.2.2}{\376\377\300\260\323\354\263\304\000\040\000\050\000M\000e\000a\000s\000u\000r\000e\000s\000\040\000o\000f\000\040\000S\000p\000r\000e\000a\000d\000\051}{subsection.8.2}% 33
\BOOKMARK [2][-]{subsection.8.3}{\376\377\302\334\254\001\326\124\000\040\256\060\274\225\000\040\000\050\000V\000i\000s\000u\000a\000l\000i\000z\000a\000t\000i\000o\000n\000\040\000T\000e\000c\000h\000n\000i\000q\000u\000e\000s\000\051}{section.8}% 34
\BOOKMARK [3][-]{subsubsection.8.3.1}{\376\377\262\350\274\300\267\311\000\040\302\334\254\001\326\124\000\040\000\050\000U\000n\000i\000v\000a\000r\000i\000a\000t\000e\000\051}{subsection.8.3}% 35
\BOOKMARK [3][-]{subsubsection.8.3.2}{\376\377\307\164\274\300\267\311\000\040\302\334\254\001\326\124\000\040\000\050\000B\000i\000v\000a\000r\000i\000a\000t\000e\000\051}{subsection.8.3}% 36
\BOOKMARK [1][-]{section.9}{\376\377\000T\000e\000a\000c\000h\000i\000n\000g\000\040\000F\000e\000l\000l\000o\000w\000s\000\040\274\017\000\040\311\300\306\320\000\040\000\050\000S\000u\000p\000p\000o\000r\000t\000\040\000S\000t\000a\000f\000f\000\051}{}% 37
\BOOKMARK [2][-]{subsection.9.1}{\376\377\000T\000e\000a\000c\000h\000i\000n\000g\000\040\000F\000e\000l\000l\000o\000w\000s\000\040\323\000}{section.9}% 38
\BOOKMARK [2][-]{subsection.9.2}{\376\377\325\131\302\265\000\040\311\300\306\320\000\040\307\220\270\314}{section.9}% 39
\BOOKMARK [1][-]{section.10}{\376\377\307\220\310\374\000\040\273\073\262\224\000\040\311\310\273\070\000\040\000\050\000F\000A\000Q\000\051}{}% 40
\BOOKMARK [2][-]{subsection.10.1}{\376\377\254\025\307\130\000\040\255\000\270\050}{section.10}% 41
\BOOKMARK [2][-]{subsection.10.2}{\376\377\254\374\310\034\000\040\274\017\000\040\323\311\254\000}{section.10}% 42
\BOOKMARK [2][-]{subsection.10.3}{\376\377\256\060\302\040\310\001\000\040\311\310\273\070}{section.10}% 43
\BOOKMARK [1][-]{section.11}{\376\377\325\131\302\265\000\040\310\004\267\265\000\040\274\017\000\040\310\160\305\270\000\040\000\050\000S\000t\000u\000d\000y\000\040\000S\000t\000r\000a\000t\000e\000g\000i\000e\000s\000\051}{}% 44
\BOOKMARK [2][-]{subsection.11.1}{\376\377\326\250\254\374\310\001\307\170\000\040\325\131\302\265\000\040\274\051\274\225}{section.11}% 45
\BOOKMARK [2][-]{subsection.11.2}{\376\377\302\334\254\004\000\040\255\000\271\254}{section.11}% 46
\BOOKMARK [1][-]{section.12}{\376\377\325\165\302\354\000\040\254\034\261\120\000\040\310\025\271\254\000\040\000\050\000K\000e\000y\000\040\000C\000o\000n\000c\000e\000p\000t\000s\000\040\000S\000u\000m\000m\000a\000r\000y\000\051}{}% 47
\BOOKMARK [2][-]{subsection.12.1}{\376\377\263\160\307\164\321\060\000\040\254\374\325\131\307\130\000\040\325\165\302\354\000\040\306\320\316\131}{section.12}% 48
\BOOKMARK [2][-]{subsection.12.2}{\376\377\302\030\302\335\000\040\310\025\271\254\000\040\000\050\000F\000o\000r\000m\000u\000l\000a\000\040\000R\000e\000f\000e\000r\000e\000n\000c\000e\000\051}{section.12}% 49
\BOOKMARK [1][-]{section.13}{\376\377\262\344\307\114\000\040\254\025\307\130\000\040\306\010\254\340\000\040\000\050\000N\000e\000x\000t\000\040\000L\000e\000c\000t\000u\000r\000e\000\040\000P\000r\000e\000v\000i\000e\000w\000\051}{}% 50
\BOOKMARK [2][-]{subsection.13.1}{\376\377\000L\000e\000c\000t\000u\000r\000e\000\040\0002\000:\000\040\263\160\307\164\321\060\000\040\302\030\311\321\000\040\274\017\000\040\314\230\271\254}{section.13}% 51
\BOOKMARK [2][-]{subsection.13.2}{\376\377\311\000\276\104\000\040\300\254\325\155}{section.13}% 52
\BOOKMARK [1][-]{section.14}{\376\377\315\224\254\000\000\040\325\131\302\265\000\040\307\220\270\314\000\040\000\050\000A\000d\000d\000i\000t\000i\000o\000n\000a\000l\000\040\000R\000e\000s\000o\000u\000r\000c\000e\000s\000\051}{}% 53
\BOOKMARK [2][-]{subsection.14.1}{\376\377\315\224\314\234\000\040\255\120\307\254}{section.14}% 54
\BOOKMARK [2][-]{subsection.14.2}{\376\377\306\050\267\174\307\170\000\040\307\220\270\314}{section.14}% 55
\BOOKMARK [1][-]{section.15}{\376\377\254\260\270\140\000\040\000\050\000C\000o\000n\000c\000l\000u\000s\000i\000o\000n\000\051}{}% 56
